Sender: LSF System <lsfadmin@n239>
Subject: Job 13745504: <module rm python share-rpms65;source activate RNAseq;./RNAseq -f RNAseq-PE-hg38-DPF2.yml> in cluster <mk2> Exited

Job <module rm python share-rpms65;source activate RNAseq;./RNAseq -f RNAseq-PE-hg38-DPF2.yml> was submitted from host <login4> by user <dlk41> in cluster <mk2>.
Job was executed on host(s) <n239>, in queue <general>, as user <dlk41> in cluster <mk2>.
</nethome/dlk41> was used as the home directory.
</nethome/dlk41/DANIEL/tools/nimerlab-pipelines/RNAseq> was used as the working directory.
Started at Wed Jan  3 16:52:34 2018
Results reported on Wed Jan  3 16:52:36 2018

Your job looked like:

------------------------------------------------------------
# LSBATCH: User input
module rm python share-rpms65;source activate RNAseq;./RNAseq -f RNAseq-PE-hg38-DPF2.yml

------------------------------------------------------------

Exited with exit code 1.

Resource usage summary:

    CPU time :                                   2.87 sec.
    Max Memory :                                 40 MB
    Average Memory :                             40.00 MB
    Total Requested Memory :                     1000.00 MB
    Delta Memory :                               960.00 MB
    Max Swap :                                   4424 MB
    Max Processes :                              5
    Max Threads :                                38

The output (if any) follows:



PS:

Read file <RNAseq-2018-01-03.err> for stderr output of this job.

